<?xml version="1.0" encoding="UTF-8"?>
<!-- Generated by org.testng.reporters.JUnitXMLReporter -->
<testsuite ignored="0" hostname="DESKTOP-EAD24M8" failures="0" tests="4" name="Command line test" time="30.584" errors="0" timestamp="2021-10-31T19:50:52 SAMT">
  <testcase classname="RegistrationTest" name="signupTest" time="2.146"/>
  <testcase classname="RegistrationTest" name="loginTest" time="2.559"/>
  <testcase classname="TestCaseTest" name="createdTestSuiteTest" time="6.558"/>
  <testcase classname="TestCaseTest" name="createdTestCaseTest" time="8.323"/>
</testsuite> <!-- Command line test -->
