<?xml version="1.0" encoding="UTF-8"?>
<testng-results ignored="0" total="4" passed="4" failed="0" skipped="0">
  <reporter-output>
  </reporter-output>
  <suite started-at="2021-10-31T19:50:21 SAMT" name="Command line suite" finished-at="2021-10-31T19:50:52 SAMT" duration-ms="30584">
    <groups>
    </groups>
    <test started-at="2021-10-31T19:50:21 SAMT" name="Command line test" finished-at="2021-10-31T19:50:52 SAMT" duration-ms="30584">
      <class name="TestCaseTest">
        <test-method is-config="true" signature="before()[pri:0, instance:TestCaseTest@5f058f00]" started-at="2021-10-31T19:50:32 SAMT" name="before" finished-at="2021-10-31T19:50:32 SAMT" duration-ms="23" status="PASS">
          <reporter-output>
          </reporter-output>
        </test-method> <!-- before -->
        <test-method is-config="true" signature="beforeTest()[pri:0, instance:TestCaseTest@5f058f00]" started-at="2021-10-31T19:50:32 SAMT" name="beforeTest" finished-at="2021-10-31T19:50:34 SAMT" duration-ms="1717" status="PASS">
          <reporter-output>
          </reporter-output>
        </test-method> <!-- beforeTest -->
        <test-method signature="createdTestSuiteTest()[pri:0, instance:TestCaseTest@5f058f00]" started-at="2021-10-31T19:50:34 SAMT" name="createdTestSuiteTest" finished-at="2021-10-31T19:50:40 SAMT" duration-ms="6558" status="PASS">
          <reporter-output>
          </reporter-output>
        </test-method> <!-- createdTestSuiteTest -->
        <test-method is-config="true" signature="afterTest()[pri:0, instance:TestCaseTest@5f058f00]" started-at="2021-10-31T19:50:40 SAMT" name="afterTest" finished-at="2021-10-31T19:50:41 SAMT" duration-ms="767" status="PASS">
          <reporter-output>
          </reporter-output>
        </test-method> <!-- afterTest -->
        <test-method is-config="true" signature="beforeTest()[pri:0, instance:TestCaseTest@5f058f00]" started-at="2021-10-31T19:50:41 SAMT" name="beforeTest" finished-at="2021-10-31T19:50:43 SAMT" duration-ms="1680" status="PASS">
          <reporter-output>
          </reporter-output>
        </test-method> <!-- beforeTest -->
        <test-method signature="createdTestCaseTest()[pri:0, instance:TestCaseTest@5f058f00]" started-at="2021-10-31T19:50:43 SAMT" name="createdTestCaseTest" finished-at="2021-10-31T19:50:51 SAMT" depends-on-methods="TestCaseTest.createdTestSuiteTest" duration-ms="8323" status="PASS">
          <reporter-output>
          </reporter-output>
        </test-method> <!-- createdTestCaseTest -->
        <test-method is-config="true" signature="afterTest()[pri:0, instance:TestCaseTest@5f058f00]" started-at="2021-10-31T19:50:51 SAMT" name="afterTest" finished-at="2021-10-31T19:50:52 SAMT" duration-ms="804" status="PASS">
          <reporter-output>
          </reporter-output>
        </test-method> <!-- afterTest -->
      </class> <!-- TestCaseTest -->
      <class name="RegistrationTest">
        <test-method is-config="true" signature="before()[pri:0, instance:RegistrationTest@55b7a4e0]" started-at="2021-10-31T19:50:21 SAMT" name="before" finished-at="2021-10-31T19:50:22 SAMT" duration-ms="562" status="PASS">
          <reporter-output>
          </reporter-output>
        </test-method> <!-- before -->
        <test-method is-config="true" signature="beforeTest()[pri:0, instance:RegistrationTest@55b7a4e0]" started-at="2021-10-31T19:50:22 SAMT" name="beforeTest" finished-at="2021-10-31T19:50:24 SAMT" duration-ms="2227" status="PASS">
          <reporter-output>
          </reporter-output>
        </test-method> <!-- beforeTest -->
        <test-method signature="signupTest()[pri:0, instance:RegistrationTest@55b7a4e0]" started-at="2021-10-31T19:50:24 SAMT" name="signupTest" finished-at="2021-10-31T19:50:26 SAMT" duration-ms="2146" status="PASS">
          <reporter-output>
          </reporter-output>
        </test-method> <!-- signupTest -->
        <test-method is-config="true" signature="afterTest()[pri:0, instance:RegistrationTest@55b7a4e0]" started-at="2021-10-31T19:50:26 SAMT" name="afterTest" finished-at="2021-10-31T19:50:27 SAMT" duration-ms="765" status="PASS">
          <reporter-output>
          </reporter-output>
        </test-method> <!-- afterTest -->
        <test-method is-config="true" signature="beforeTest()[pri:0, instance:RegistrationTest@55b7a4e0]" started-at="2021-10-31T19:50:27 SAMT" name="beforeTest" finished-at="2021-10-31T19:50:28 SAMT" duration-ms="1661" status="PASS">
          <reporter-output>
          </reporter-output>
        </test-method> <!-- beforeTest -->
        <test-method signature="loginTest()[pri:0, instance:RegistrationTest@55b7a4e0]" started-at="2021-10-31T19:50:28 SAMT" name="loginTest" finished-at="2021-10-31T19:50:31 SAMT" depends-on-methods="RegistrationTest.signupTest" duration-ms="2559" status="PASS">
          <reporter-output>
          </reporter-output>
        </test-method> <!-- loginTest -->
        <test-method is-config="true" signature="afterTest()[pri:0, instance:RegistrationTest@55b7a4e0]" started-at="2021-10-31T19:50:31 SAMT" name="afterTest" finished-at="2021-10-31T19:50:32 SAMT" duration-ms="736" status="PASS">
          <reporter-output>
          </reporter-output>
        </test-method> <!-- afterTest -->
      </class> <!-- RegistrationTest -->
    </test> <!-- Command line test -->
  </suite> <!-- Command line suite -->
</testng-results>
