<?xml version="1.0" encoding="UTF-8"?>
<testng-results ignored="0" total="4" passed="4" failed="0" skipped="0">
  <reporter-output>
  </reporter-output>
  <suite started-at="2021-10-31T00:56:50 SAMT" name="Command line suite" finished-at="2021-10-31T00:57:21 SAMT" duration-ms="30902">
    <groups>
    </groups>
    <test started-at="2021-10-31T00:56:50 SAMT" name="Command line test" finished-at="2021-10-31T00:57:21 SAMT" duration-ms="30902">
      <class name="TestCaseTest">
        <test-method is-config="true" signature="before()[pri:0, instance:TestCaseTest@2c767a52]" started-at="2021-10-31T00:57:01 SAMT" name="before" finished-at="2021-10-31T00:57:01 SAMT" duration-ms="61" status="PASS">
          <reporter-output>
          </reporter-output>
        </test-method> <!-- before -->
        <test-method is-config="true" signature="beforeTest()[pri:0, instance:TestCaseTest@2c767a52]" started-at="2021-10-31T00:57:01 SAMT" name="beforeTest" finished-at="2021-10-31T00:57:02 SAMT" duration-ms="1621" status="PASS">
          <reporter-output>
          </reporter-output>
        </test-method> <!-- beforeTest -->
        <test-method signature="createdTestSuiteTest()[pri:0, instance:TestCaseTest@2c767a52]" started-at="2021-10-31T00:57:02 SAMT" name="createdTestSuiteTest" finished-at="2021-10-31T00:57:09 SAMT" duration-ms="6856" status="PASS">
          <reporter-output>
          </reporter-output>
        </test-method> <!-- createdTestSuiteTest -->
        <test-method is-config="true" signature="afterTest()[pri:0, instance:TestCaseTest@2c767a52]" started-at="2021-10-31T00:57:09 SAMT" name="afterTest" finished-at="2021-10-31T00:57:10 SAMT" duration-ms="714" status="PASS">
          <reporter-output>
          </reporter-output>
        </test-method> <!-- afterTest -->
        <test-method is-config="true" signature="beforeTest()[pri:0, instance:TestCaseTest@2c767a52]" started-at="2021-10-31T00:57:10 SAMT" name="beforeTest" finished-at="2021-10-31T00:57:12 SAMT" duration-ms="1670" status="PASS">
          <reporter-output>
          </reporter-output>
        </test-method> <!-- beforeTest -->
        <test-method signature="createdTestCaseTest()[pri:0, instance:TestCaseTest@2c767a52]" started-at="2021-10-31T00:57:12 SAMT" name="createdTestCaseTest" finished-at="2021-10-31T00:57:20 SAMT" depends-on-methods="TestCaseTest.createdTestSuiteTest" duration-ms="8507" status="PASS">
          <reporter-output>
          </reporter-output>
        </test-method> <!-- createdTestCaseTest -->
        <test-method is-config="true" signature="afterTest()[pri:0, instance:TestCaseTest@2c767a52]" started-at="2021-10-31T00:57:20 SAMT" name="afterTest" finished-at="2021-10-31T00:57:21 SAMT" duration-ms="769" status="PASS">
          <reporter-output>
          </reporter-output>
        </test-method> <!-- afterTest -->
      </class> <!-- TestCaseTest -->
      <class name="RegistrationTest">
        <test-method is-config="true" signature="before()[pri:0, instance:RegistrationTest@130161f7]" started-at="2021-10-31T00:56:50 SAMT" name="before" finished-at="2021-10-31T00:56:51 SAMT" duration-ms="543" status="PASS">
          <reporter-output>
          </reporter-output>
        </test-method> <!-- before -->
        <test-method is-config="true" signature="beforeTest()[pri:0, instance:RegistrationTest@130161f7]" started-at="2021-10-31T00:56:51 SAMT" name="beforeTest" finished-at="2021-10-31T00:56:53 SAMT" duration-ms="2279" status="PASS">
          <reporter-output>
          </reporter-output>
        </test-method> <!-- beforeTest -->
        <test-method signature="signupTest()[pri:0, instance:RegistrationTest@130161f7]" started-at="2021-10-31T00:56:53 SAMT" name="signupTest" finished-at="2021-10-31T00:56:55 SAMT" duration-ms="2171" status="PASS">
          <reporter-output>
          </reporter-output>
        </test-method> <!-- signupTest -->
        <test-method is-config="true" signature="afterTest()[pri:0, instance:RegistrationTest@130161f7]" started-at="2021-10-31T00:56:55 SAMT" name="afterTest" finished-at="2021-10-31T00:56:56 SAMT" duration-ms="678" status="PASS">
          <reporter-output>
          </reporter-output>
        </test-method> <!-- afterTest -->
        <test-method is-config="true" signature="beforeTest()[pri:0, instance:RegistrationTest@130161f7]" started-at="2021-10-31T00:56:56 SAMT" name="beforeTest" finished-at="2021-10-31T00:56:57 SAMT" duration-ms="1654" status="PASS">
          <reporter-output>
          </reporter-output>
        </test-method> <!-- beforeTest -->
        <test-method signature="loginTest()[pri:0, instance:RegistrationTest@130161f7]" started-at="2021-10-31T00:56:57 SAMT" name="loginTest" finished-at="2021-10-31T00:57:00 SAMT" depends-on-methods="RegistrationTest.signupTest" duration-ms="2548" status="PASS">
          <reporter-output>
          </reporter-output>
        </test-method> <!-- loginTest -->
        <test-method is-config="true" signature="afterTest()[pri:0, instance:RegistrationTest@130161f7]" started-at="2021-10-31T00:57:00 SAMT" name="afterTest" finished-at="2021-10-31T00:57:01 SAMT" duration-ms="758" status="PASS">
          <reporter-output>
          </reporter-output>
        </test-method> <!-- afterTest -->
      </class> <!-- RegistrationTest -->
    </test> <!-- Command line test -->
  </suite> <!-- Command line suite -->
</testng-results>
